<?xml version="1.0" encoding="UTF-8"?>
<testsuite name="ru.stqa.pft.mantis.tests.LoginTests" tests="1" skipped="0" failures="0" errors="0" timestamp="2020-03-30T20:12:21" hostname="DESKTOP-NV4AJ9P" time="1.3">
  <properties/>
  <testcase name="testLogin" classname="ru.stqa.pft.mantis.tests.LoginTests" time="1.3"/>
  <system-out><![CDATA[]]></system-out>
  <system-err><![CDATA[]]></system-err>
</testsuite>
