<?xml version="1.0" encoding="UTF-8"?>
<testsuite name="ru.stqa.pft.mantis.tests.RegistrationTests" tests="1" skipped="0" failures="0" errors="0" timestamp="2020-04-01T23:10:09" hostname="DESKTOP-NV4AJ9P" time="15.45">
  <properties/>
  <testcase name="testRegistration" classname="ru.stqa.pft.mantis.tests.RegistrationTests" time="15.45"/>
  <system-out><![CDATA[02:10:08.922 [Test worker] DEBUG org.subethamail.smtp.server.CommandHandler - Added command: AUTH
02:10:08.933 [Test worker] DEBUG org.subethamail.smtp.server.CommandHandler - Added command: DATA
02:10:08.936 [Test worker] DEBUG org.subethamail.smtp.server.CommandHandler - Added command: EHLO
02:10:08.939 [Test worker] DEBUG org.subethamail.smtp.server.CommandHandler - Added command: HELO
02:10:08.941 [Test worker] DEBUG org.subethamail.smtp.server.CommandHandler - Added command: HELP
02:10:08.957 [Test worker] DEBUG org.subethamail.smtp.server.CommandHandler - Added command: MAIL
02:10:08.960 [Test worker] DEBUG org.subethamail.smtp.server.CommandHandler - Added command: NOOP
02:10:08.961 [Test worker] DEBUG org.subethamail.smtp.server.CommandHandler - Added command: QUIT
02:10:08.962 [Test worker] DEBUG org.subethamail.smtp.server.CommandHandler - Added command: RCPT
02:10:08.963 [Test worker] DEBUG org.subethamail.smtp.server.CommandHandler - Added command: RSET
02:10:08.965 [Test worker] DEBUG org.subethamail.smtp.server.CommandHandler - Added command: STARTTLS
02:10:08.966 [Test worker] DEBUG org.subethamail.smtp.server.CommandHandler - Added command: VRFY
02:10:08.978 [Test worker] INFO org.subethamail.smtp.server.SMTPServer - SMTP server *:25 starting
02:10:09.014 [org.subethamail.smtp.server.ServerThread *:25] INFO org.subethamail.smtp.server.ServerThread - SMTP server *:25 started
02:10:20.358 [org.subethamail.smtp.server.Session-/0:0:0:0:0:0:0:1:52745] DEBUG org.subethamail.smtp.server.Session - SMTP connection from 0:0:0:0:0:0:0:1/0:0:0:0:0:0:0:1, new connection count: 1
02:10:20.359 [org.subethamail.smtp.server.Session-/0:0:0:0:0:0:0:1:52745] DEBUG org.subethamail.smtp.server.Session - Server: 220 DESKTOP-NV4AJ9P ESMTP SubEthaSMTP 3.1.7
02:10:20.361 [org.subethamail.smtp.server.Session-/0:0:0:0:0:0:0:1:52745] DEBUG org.subethamail.smtp.server.Session - Client: EHLO localhost
02:10:20.372 [org.subethamail.smtp.server.Session-/0:0:0:0:0:0:0:1:52745] DEBUG org.subethamail.smtp.server.Session - Server: 250-DESKTOP-NV4AJ9P
250-8BITMIME
250 Ok
02:10:20.374 [org.subethamail.smtp.server.Session-/0:0:0:0:0:0:0:1:52745] DEBUG org.subethamail.smtp.server.Session - Client: MAIL FROM:<admin@example.com>
02:10:20.386 [org.subethamail.smtp.server.Session-/0:0:0:0:0:0:0:1:52745] DEBUG org.subethamail.smtp.server.Session - Server: 250 Ok
02:10:20.387 [org.subethamail.smtp.server.Session-/0:0:0:0:0:0:0:1:52745] DEBUG org.subethamail.smtp.server.Session - Client: RCPT TO:<111@asd.com>
02:10:20.388 [org.subethamail.smtp.server.Session-/0:0:0:0:0:0:0:1:52745] DEBUG org.subethamail.wiser.Wiser - Accepting mail from admin@example.com to 111@asd.com
02:10:20.389 [org.subethamail.smtp.server.Session-/0:0:0:0:0:0:0:1:52745] DEBUG org.subethamail.smtp.server.Session - Server: 250 Ok
02:10:20.389 [org.subethamail.smtp.server.Session-/0:0:0:0:0:0:0:1:52745] DEBUG org.subethamail.smtp.server.Session - Client: DATA
02:10:20.390 [org.subethamail.smtp.server.Session-/0:0:0:0:0:0:0:1:52745] DEBUG org.subethamail.smtp.server.Session - Server: 354 End data with <CR><LF>.<CR><LF>
02:10:20.419 [org.subethamail.smtp.server.Session-/0:0:0:0:0:0:0:1:52745] DEBUG org.subethamail.wiser.Wiser - Delivering mail from admin@example.com to 111@asd.com
02:10:20.432 [org.subethamail.smtp.server.Session-/0:0:0:0:0:0:0:1:52745] DEBUG org.subethamail.wiser.Wiser - Creating message from data with 2701 bytes
02:10:20.433 [org.subethamail.smtp.server.Session-/0:0:0:0:0:0:0:1:52745] DEBUG org.subethamail.smtp.server.Session - Server: 250 Ok
02:10:20.446 [org.subethamail.smtp.server.Session-/0:0:0:0:0:0:0:1:52745] DEBUG org.subethamail.smtp.server.Session - Client: RSET
02:10:20.446 [org.subethamail.smtp.server.Session-/0:0:0:0:0:0:0:1:52745] DEBUG org.subethamail.smtp.server.Session - Server: 250 Ok
02:10:20.467 [org.subethamail.smtp.server.Session-/0:0:0:0:0:0:0:1:52745] DEBUG org.subethamail.smtp.server.Session - Client: QUIT
02:10:20.472 [org.subethamail.smtp.server.Session-/0:0:0:0:0:0:0:1:52745] DEBUG org.subethamail.smtp.server.Session - Server: 221 Bye
02:10:20.487 [org.subethamail.smtp.server.Session-/0:0:0:0:0:0:0:1:52746] DEBUG org.subethamail.smtp.server.Session - SMTP connection from 0:0:0:0:0:0:0:1/0:0:0:0:0:0:0:1, new connection count: 1
02:10:20.487 [org.subethamail.smtp.server.Session-/0:0:0:0:0:0:0:1:52746] DEBUG org.subethamail.smtp.server.Session - Server: 220 DESKTOP-NV4AJ9P ESMTP SubEthaSMTP 3.1.7
02:10:20.497 [org.subethamail.smtp.server.Session-/0:0:0:0:0:0:0:1:52746] DEBUG org.subethamail.smtp.server.Session - Client: EHLO localhost
02:10:20.498 [org.subethamail.smtp.server.Session-/0:0:0:0:0:0:0:1:52746] DEBUG org.subethamail.smtp.server.Session - Server: 250-DESKTOP-NV4AJ9P
250-8BITMIME
250 Ok
02:10:20.500 [org.subethamail.smtp.server.Session-/0:0:0:0:0:0:0:1:52746] DEBUG org.subethamail.smtp.server.Session - Client: MAIL FROM:<admin@example.com>
02:10:20.500 [org.subethamail.smtp.server.Session-/0:0:0:0:0:0:0:1:52746] DEBUG org.subethamail.smtp.server.Session - Server: 250 Ok
02:10:20.502 [org.subethamail.smtp.server.Session-/0:0:0:0:0:0:0:1:52746] DEBUG org.subethamail.smtp.server.Session - Client: RCPT TO:<root@localhost>
02:10:20.502 [org.subethamail.smtp.server.Session-/0:0:0:0:0:0:0:1:52746] DEBUG org.subethamail.wiser.Wiser - Accepting mail from admin@example.com to root@localhost
02:10:20.502 [org.subethamail.smtp.server.Session-/0:0:0:0:0:0:0:1:52746] DEBUG org.subethamail.smtp.server.Session - Server: 250 Ok
02:10:20.503 [org.subethamail.smtp.server.Session-/0:0:0:0:0:0:0:1:52746] DEBUG org.subethamail.smtp.server.Session - Client: DATA
02:10:20.504 [org.subethamail.smtp.server.Session-/0:0:0:0:0:0:0:1:52746] DEBUG org.subethamail.smtp.server.Session - Server: 354 End data with <CR><LF>.<CR><LF>
02:10:20.505 [org.subethamail.smtp.server.Session-/0:0:0:0:0:0:0:1:52746] DEBUG org.subethamail.wiser.Wiser - Delivering mail from admin@example.com to root@localhost
02:10:20.549 [org.subethamail.smtp.server.Session-/0:0:0:0:0:0:0:1:52746] DEBUG org.subethamail.wiser.Wiser - Creating message from data with 831 bytes
02:10:20.549 [org.subethamail.smtp.server.Session-/0:0:0:0:0:0:0:1:52746] DEBUG org.subethamail.smtp.server.Session - Server: 250 Ok
02:10:20.553 [org.subethamail.smtp.server.Session-/0:0:0:0:0:0:0:1:52746] DEBUG org.subethamail.smtp.server.Session - Client: RSET
02:10:20.553 [org.subethamail.smtp.server.Session-/0:0:0:0:0:0:0:1:52746] DEBUG org.subethamail.smtp.server.Session - Server: 250 Ok
02:10:20.565 [org.subethamail.smtp.server.Session-/0:0:0:0:0:0:0:1:52746] DEBUG org.subethamail.smtp.server.Session - Client: QUIT
02:10:20.566 [org.subethamail.smtp.server.Session-/0:0:0:0:0:0:0:1:52746] DEBUG org.subethamail.smtp.server.Session - Server: 221 Bye
02:10:20.570 [org.subethamail.smtp.server.Session-/0:0:0:0:0:0:0:1:52747] DEBUG org.subethamail.smtp.server.Session - SMTP connection from 0:0:0:0:0:0:0:1/0:0:0:0:0:0:0:1, new connection count: 1
02:10:20.571 [org.subethamail.smtp.server.Session-/0:0:0:0:0:0:0:1:52747] DEBUG org.subethamail.smtp.server.Session - Server: 220 DESKTOP-NV4AJ9P ESMTP SubEthaSMTP 3.1.7
02:10:20.572 [org.subethamail.smtp.server.Session-/0:0:0:0:0:0:0:1:52747] DEBUG org.subethamail.smtp.server.Session - Client: EHLO localhost
02:10:20.572 [org.subethamail.smtp.server.Session-/0:0:0:0:0:0:0:1:52747] DEBUG org.subethamail.smtp.server.Session - Server: 250-DESKTOP-NV4AJ9P
250-8BITMIME
250 Ok
02:10:20.574 [org.subethamail.smtp.server.Session-/0:0:0:0:0:0:0:1:52747] DEBUG org.subethamail.smtp.server.Session - Client: MAIL FROM:<admin@example.com>
02:10:20.578 [org.subethamail.smtp.server.Session-/0:0:0:0:0:0:0:1:52747] DEBUG org.subethamail.smtp.server.Session - Server: 250 Ok
02:10:20.580 [org.subethamail.smtp.server.Session-/0:0:0:0:0:0:0:1:52747] DEBUG org.subethamail.smtp.server.Session - Client: RCPT TO:<user1585782609010@localhost.localdomain>
02:10:20.580 [org.subethamail.smtp.server.Session-/0:0:0:0:0:0:0:1:52747] DEBUG org.subethamail.wiser.Wiser - Accepting mail from admin@example.com to user1585782609010@localhost.localdomain
02:10:20.580 [org.subethamail.smtp.server.Session-/0:0:0:0:0:0:0:1:52747] DEBUG org.subethamail.smtp.server.Session - Server: 250 Ok
02:10:20.581 [org.subethamail.smtp.server.Session-/0:0:0:0:0:0:0:1:52747] DEBUG org.subethamail.smtp.server.Session - Client: DATA
02:10:20.581 [org.subethamail.smtp.server.Session-/0:0:0:0:0:0:0:1:52747] DEBUG org.subethamail.smtp.server.Session - Server: 354 End data with <CR><LF>.<CR><LF>
02:10:20.583 [org.subethamail.smtp.server.Session-/0:0:0:0:0:0:0:1:52747] DEBUG org.subethamail.wiser.Wiser - Delivering mail from admin@example.com to user1585782609010@localhost.localdomain
02:10:20.609 [org.subethamail.smtp.server.Session-/0:0:0:0:0:0:0:1:52747] DEBUG org.subethamail.wiser.Wiser - Creating message from data with 2774 bytes
02:10:20.610 [org.subethamail.smtp.server.Session-/0:0:0:0:0:0:0:1:52747] DEBUG org.subethamail.smtp.server.Session - Server: 250 Ok
02:10:20.617 [org.subethamail.smtp.server.Session-/0:0:0:0:0:0:0:1:52747] DEBUG org.subethamail.smtp.server.Session - Client: RSET
02:10:20.617 [org.subethamail.smtp.server.Session-/0:0:0:0:0:0:0:1:52747] DEBUG org.subethamail.smtp.server.Session - Server: 250 Ok
02:10:20.628 [org.subethamail.smtp.server.Session-/0:0:0:0:0:0:0:1:52747] DEBUG org.subethamail.smtp.server.Session - Client: QUIT
02:10:20.629 [org.subethamail.smtp.server.Session-/0:0:0:0:0:0:0:1:52747] DEBUG org.subethamail.smtp.server.Session - Server: 221 Bye
02:10:20.632 [org.subethamail.smtp.server.Session-/0:0:0:0:0:0:0:1:52748] DEBUG org.subethamail.smtp.server.Session - SMTP connection from 0:0:0:0:0:0:0:1/0:0:0:0:0:0:0:1, new connection count: 1
02:10:20.632 [org.subethamail.smtp.server.Session-/0:0:0:0:0:0:0:1:52748] DEBUG org.subethamail.smtp.server.Session - Server: 220 DESKTOP-NV4AJ9P ESMTP SubEthaSMTP 3.1.7
02:10:20.634 [org.subethamail.smtp.server.Session-/0:0:0:0:0:0:0:1:52748] DEBUG org.subethamail.smtp.server.Session - Client: EHLO localhost
02:10:20.634 [org.subethamail.smtp.server.Session-/0:0:0:0:0:0:0:1:52748] DEBUG org.subethamail.smtp.server.Session - Server: 250-DESKTOP-NV4AJ9P
250-8BITMIME
250 Ok
02:10:20.635 [org.subethamail.smtp.server.Session-/0:0:0:0:0:0:0:1:52748] DEBUG org.subethamail.smtp.server.Session - Client: MAIL FROM:<admin@example.com>
02:10:20.636 [org.subethamail.smtp.server.Session-/0:0:0:0:0:0:0:1:52748] DEBUG org.subethamail.smtp.server.Session - Server: 250 Ok
02:10:20.637 [org.subethamail.smtp.server.Session-/0:0:0:0:0:0:0:1:52748] DEBUG org.subethamail.smtp.server.Session - Client: RCPT TO:<root@localhost>
02:10:20.637 [org.subethamail.smtp.server.Session-/0:0:0:0:0:0:0:1:52748] DEBUG org.subethamail.wiser.Wiser - Accepting mail from admin@example.com to root@localhost
02:10:20.637 [org.subethamail.smtp.server.Session-/0:0:0:0:0:0:0:1:52748] DEBUG org.subethamail.smtp.server.Session - Server: 250 Ok
02:10:20.638 [org.subethamail.smtp.server.Session-/0:0:0:0:0:0:0:1:52748] DEBUG org.subethamail.smtp.server.Session - Client: DATA
02:10:20.638 [org.subethamail.smtp.server.Session-/0:0:0:0:0:0:0:1:52748] DEBUG org.subethamail.smtp.server.Session - Server: 354 End data with <CR><LF>.<CR><LF>
02:10:20.639 [org.subethamail.smtp.server.Session-/0:0:0:0:0:0:0:1:52748] DEBUG org.subethamail.wiser.Wiser - Delivering mail from admin@example.com to root@localhost
02:10:20.668 [org.subethamail.smtp.server.Session-/0:0:0:0:0:0:0:1:52748] DEBUG org.subethamail.wiser.Wiser - Creating message from data with 869 bytes
02:10:20.669 [org.subethamail.smtp.server.Session-/0:0:0:0:0:0:0:1:52748] DEBUG org.subethamail.smtp.server.Session - Server: 250 Ok
02:10:20.669 [org.subethamail.smtp.server.Session-/0:0:0:0:0:0:0:1:52748] DEBUG org.subethamail.smtp.server.Session - Client: RSET
02:10:20.670 [org.subethamail.smtp.server.Session-/0:0:0:0:0:0:0:1:52748] DEBUG org.subethamail.smtp.server.Session - Server: 250 Ok
02:10:20.676 [org.subethamail.smtp.server.Session-/0:0:0:0:0:0:0:1:52748] DEBUG org.subethamail.smtp.server.Session - Client: QUIT
02:10:20.676 [org.subethamail.smtp.server.Session-/0:0:0:0:0:0:0:1:52748] DEBUG org.subethamail.smtp.server.Session - Server: 221 Bye
02:10:24.461 [Test worker] INFO org.subethamail.smtp.server.SMTPServer - SMTP server *:25 stopping
02:10:24.462 [Test worker] DEBUG org.subethamail.smtp.server.ServerThread - SMTP Server socket shut down
02:10:24.462 [org.subethamail.smtp.server.ServerThread *:25] INFO org.subethamail.smtp.server.ServerThread - SMTP server *:25 stopped
]]></system-out>
  <system-err><![CDATA[1585782611092	mozrunner::runner	INFO	Running command: "C:\\Program Files\\Mozilla Firefox\\firefox.exe" "-marionette" "-foreground" "-no-remote" "-profile" "C:\\Users\\ramon\\AppData\\Local\\Temp\\rust_mozprofile8hZxT6"
1585782611753	addons.webextension.doh-rollout@mozilla.org	WARN	Loading extension 'doh-rollout@mozilla.org': Reading manifest: Invalid extension permission: networkStatus
1585782612417	addons.webextension.screenshots@mozilla.org	WARN	Loading extension 'screenshots@mozilla.org': Reading manifest: Invalid extension permission: mozillaAddons
1585782612417	addons.webextension.screenshots@mozilla.org	WARN	Loading extension 'screenshots@mozilla.org': Reading manifest: Invalid extension permission: telemetry
1585782612418	addons.webextension.screenshots@mozilla.org	WARN	Loading extension 'screenshots@mozilla.org': Reading manifest: Invalid extension permission: resource://pdf.js/
1585782612418	addons.webextension.screenshots@mozilla.org	WARN	Loading extension 'screenshots@mozilla.org': Reading manifest: Invalid extension permission: about:reader*
JavaScript error: resource://gre/modules/XULStore.jsm, line 66: Error: Can't find profile directory.
1585782615749	Marionette	INFO	Listening on port 52698
1585782615849	Marionette	WARN	TLS certificate errors will be ignored for this session
апр 02, 2020 2:10:16 AM org.openqa.selenium.remote.ProtocolHandshake createSession
INFO: Detected dialect: W3C
]]></system-err>
</testsuite>
