<?xml version="1.0" encoding="UTF-8"?>
<testsuite name="ru.stqa.pft.addressbook.tests.GroupModificationTests" tests="1" skipped="0" failures="0" errors="0" timestamp="2020-04-13T11:58:44" hostname="DESKTOP-NV4AJ9P" time="4.219">
  <properties/>
  <testcase name="testGroupModification" classname="ru.stqa.pft.addressbook.tests.GroupModificationTests" time="4.219"/>
  <system-out><![CDATA[14:58:42.682 [Test worker] INFO  r.s.pft.addressbook.tests.TestBase - Start test testGroupModification with parameters []
Hibernate: select groupdata0_.group_id as group_id1_2_, groupdata0_.group_footer as group_fo2_2_, groupdata0_.group_header as group_he3_2_, groupdata0_.group_name as group_na4_2_ from group_list groupdata0_
Hibernate: select groupdata0_.group_id as group_id1_2_, groupdata0_.group_footer as group_fo2_2_, groupdata0_.group_header as group_he3_2_, groupdata0_.group_name as group_na4_2_ from group_list groupdata0_
Hibernate: select groupdata0_.group_id as group_id1_2_, groupdata0_.group_footer as group_fo2_2_, groupdata0_.group_header as group_he3_2_, groupdata0_.group_name as group_na4_2_ from group_list groupdata0_
14:58:48.866 [Test worker] INFO  r.s.pft.addressbook.tests.TestBase - Stop test testGroupModification
]]></system-out>
  <system-err><![CDATA[]]></system-err>
</testsuite>
