<?xml version="1.0" encoding="UTF-8"?>
<testsuite name="ru.stqa.pft.addressbook.tests.ContactCreationTests" tests="4" skipped="0" failures="0" errors="0" timestamp="2020-03-17T20:11:43" hostname="DESKTOP-NV4AJ9P" time="79.831">
  <properties/>
  <testcase name="testBadContactCreation" classname="ru.stqa.pft.addressbook.tests.ContactCreationTests" time="26.186"/>
  <testcase name="testContactCreation[0](ContactData{id='2147483647', firstname='testfirstname0', lastname='testlastname0'})" classname="ru.stqa.pft.addressbook.tests.ContactCreationTests" time="17.195"/>
  <testcase name="testContactCreation[1](ContactData{id='2147483647', firstname='testfirstname1', lastname='testlastname1'})" classname="ru.stqa.pft.addressbook.tests.ContactCreationTests" time="17.798"/>
  <testcase name="testContactCreation[2](ContactData{id='2147483647', firstname='testfirstname2', lastname='testlastname2'})" classname="ru.stqa.pft.addressbook.tests.ContactCreationTests" time="18.486"/>
  <system-out><![CDATA[]]></system-out>
  <system-err><![CDATA[[1584475937.607][SEVERE]: Timed out receiving message from renderer: 0.100
]]></system-err>
</testsuite>
