<?xml version="1.0" encoding="UTF-8"?>
<testsuite name="ru.stqa.pft.addressbook.tests.GroupDeletionTests" tests="1" skipped="0" failures="0" errors="0" timestamp="2020-03-17T19:05:36" hostname="DESKTOP-NV4AJ9P" time="6.807">
  <properties/>
  <testcase name="testGroupDeletion" classname="ru.stqa.pft.addressbook.tests.GroupDeletionTests" time="6.807"/>
  <system-out><![CDATA[]]></system-out>
  <system-err><![CDATA[]]></system-err>
</testsuite>
